[0mCompiling "resources/public/js/main.js" from ["src"]...
Compiling src\om_tutorial\core.cljs
Compiling target\figwheel_temp\dev\figwheel\connect.cljs
Copying file:/C:/Users/Ian/IdeaProjects/om-tutorial/src/om_tutorial/core.cljs to resources\public\js\om_tutorial\core.cljs
notifying browser that file changed:  resources/public/js/goog/deps.js
notifying browser that file changed:  resources/public/js/cljs_deps.js
notifying browser that file changed:  out\om_tutorial\core.js
[32mSuccessfully compiled "resources/public/js/main.js" in 3.915 seconds.[0m
[0mCompiling "resources/public/js/main.js" from ["src"]...
Compiling src\om_tutorial\core.cljs
Compiling target\figwheel_temp\dev\figwheel\connect.cljs
Copying file:/C:/Users/Ian/IdeaProjects/om-tutorial/src/om_tutorial/core.cljs to resources\public\js\om_tutorial\core.cljs
notifying browser that file changed:  out\om_tutorial\core.js
[32mSuccessfully compiled "resources/public/js/main.js" in 1.071 seconds.[0m
[0mCompiling "resources/public/js/main.js" from ["src"]...
Compiling src\om_tutorial\core.cljs
Compiling target\figwheel_temp\dev\figwheel\connect.cljs
Copying file:/C:/Users/Ian/IdeaProjects/om-tutorial/src/om_tutorial/core.cljs to resources\public\js\om_tutorial\core.cljs
notifying browser that file changed:  out\om_tutorial\core.js
[32mSuccessfully compiled "resources/public/js/main.js" in 0.982 seconds.[0m
[0mCompiling "resources/public/js/main.js" from ["src"]...
Compiling src\om_tutorial\core.cljs
Compiling target\figwheel_temp\dev\figwheel\connect.cljs
Copying file:/C:/Users/Ian/IdeaProjects/om-tutorial/src/om_tutorial/core.cljs to resources\public\js\om_tutorial\core.cljs
notifying browser that file changed:  out\om_tutorial\core.js
[32mSuccessfully compiled "resources/public/js/main.js" in 1.81 seconds.[0m
[0mCompiling "resources/public/js/main.js" from ["src"]...
Compiling src\om_tutorial\core.cljs
Compiling target\figwheel_temp\dev\figwheel\connect.cljs
Copying file:/C:/Users/Ian/IdeaProjects/om-tutorial/src/om_tutorial/core.cljs to resources\public\js\om_tutorial\core.cljs
notifying browser that file changed:  out\om_tutorial\core.js
[32mSuccessfully compiled "resources/public/js/main.js" in 0.981 seconds.[0m
[0mCompiling "resources/public/js/main.js" from ["src"]...
Compiling C:\Users\Ian\IdeaProjects\om-tutorial\src\om_tutorial\core.cljs
Compiling target\figwheel_temp\dev\figwheel\connect.cljs
Copying file:/C:/Users/Ian/IdeaProjects/om-tutorial/src/om_tutorial/core.cljs to resources\public\js\om_tutorial\core.cljs
notifying browser that file changed:  out\om_tutorial\core.js
[32mSuccessfully compiled "resources/public/js/main.js" in 0.604 seconds.[0m
[0mCompiling "resources/public/js/main.js" from ["src"]...
Compiling C:\Users\Ian\IdeaProjects\om-tutorial\src\om_tutorial\core.cljs
WARNING: Use of undeclared Var om-tutorial.core/HelloWorld at line 13 C:\Users\Ian\IdeaProjects\om-tutorial\src\om_tutorial\core.cljs
Compiling target\figwheel_temp\dev\figwheel\connect.cljs
Copying file:/C:/Users/Ian/IdeaProjects/om-tutorial/src/om_tutorial/core.cljs to resources\public\js\om_tutorial\core.cljs
notifying browser that file changed:  resources/public/js/goog/deps.js
notifying browser that file changed:  resources/public/js/cljs_deps.js
notifying browser that file changed:  out\om_tutorial\core.js
[32mSuccessfully compiled "resources/public/js/main.js" in 1.344 seconds.[0m
[0mCompiling "resources/public/js/main.js" from ["src"]...
Compiling C:\Users\Ian\IdeaProjects\om-tutorial\src\om_tutorial\core.cljs
WARNING: Use of undeclared Var om-tutorial.core/app-state at line 16 C:\Users\Ian\IdeaProjects\om-tutorial\src\om_tutorial\core.cljs
WARNING: Use of undeclared Var om-tutorial.core/app-state at line 21 C:\Users\Ian\IdeaProjects\om-tutorial\src\om_tutorial\core.cljs
Compiling target\figwheel_temp\dev\figwheel\connect.cljs
Copying file:/C:/Users/Ian/IdeaProjects/om-tutorial/src/om_tutorial/core.cljs to resources\public\js\om_tutorial\core.cljs
notifying browser that file changed:  out\om_tutorial\core.js
[32mSuccessfully compiled "resources/public/js/main.js" in 1.056 seconds.[0m
[0mCompiling "resources/public/js/main.js" from ["src"]...
Compiling src\om_tutorial\core.cljs
Compiling target\figwheel_temp\dev\figwheel\connect.cljs
Copying file:/C:/Users/Ian/IdeaProjects/om-tutorial/src/om_tutorial/core.cljs to resources\public\js\om_tutorial\core.cljs
notifying browser that file changed:  out\om_tutorial\core.js
[32mSuccessfully compiled "resources/public/js/main.js" in 1.028 seconds.[0m
[0mCompiling "resources/public/js/main.js" from ["src"]...
Compiling src\om_tutorial\core.cljs
Compiling target\figwheel_temp\dev\figwheel\connect.cljs
Copying file:/C:/Users/Ian/IdeaProjects/om-tutorial/src/om_tutorial/core.cljs to resources\public\js\om_tutorial\core.cljs
notifying browser that file changed:  resources/public/js/goog/deps.js
notifying browser that file changed:  resources/public/js/cljs_deps.js
notifying browser that file changed:  out\om_tutorial\core.js
[32mSuccessfully compiled "resources/public/js/main.js" in 1.928 seconds.[0m
[0mCompiling "resources/public/js/main.js" from ["src"]...
Compiling src\om_tutorial\core.cljs
Compiling target\figwheel_temp\dev\figwheel\connect.cljs
Copying file:/C:/Users/Ian/IdeaProjects/om-tutorial/src/om_tutorial/core.cljs to resources\public\js\om_tutorial\core.cljs
notifying browser that file changed:  out\om_tutorial\core.js
[32mSuccessfully compiled "resources/public/js/main.js" in 2.903 seconds.[0m
[0mCompiling "resources/public/js/main.js" from ["src"]...
Compiling src\om_tutorial\core.cljs
Compiling target\figwheel_temp\dev\figwheel\connect.cljs
Copying file:/C:/Users/Ian/IdeaProjects/om-tutorial/src/om_tutorial/core.cljs to resources\public\js\om_tutorial\core.cljs
notifying browser that file changed:  out\om_tutorial\core.js
[32mSuccessfully compiled "resources/public/js/main.js" in 3.371 seconds.[0m
[0mCompiling "resources/public/js/main.js" from ["src"]...
Compiling src\om_tutorial\core.cljs
Compiling target\figwheel_temp\dev\figwheel\connect.cljs
Copying file:/C:/Users/Ian/IdeaProjects/om-tutorial/src/om_tutorial/core.cljs to resources\public\js\om_tutorial\core.cljs
notifying browser that file changed:  out\om_tutorial\core.js
[32mSuccessfully compiled "resources/public/js/main.js" in 1.413 seconds.[0m
